2016-10-18 11:21:26 -  - exec CUpdateClientPartner::GetUpdatesList
2016-10-18 11:21:26 -  - exec CUpdateClientPartner::__CollectRequestData
2016-10-18 11:21:26 -  - utf=Y&lang=ru&stable=Y&CANGZIP=Y&SUPD_DBS=MYSQL&XE=N&CLIENT_SITE=dev.hh-an.ru&LICENSE_KEY=X&SUPD_STS=1&SUPD_URS=0&SUPD_URSA=2&TYPENC=E&CLIENT_PHPVER=5.6.24-0%2Bdeb8u1&NGINX=Y&dbv=5.6.32&instm=main%2C16.5.6%2CN%3Bclouds%2C16.5.1%2CN%3Bforum%2C16.5.3%2CN%3Biblock%2C16.5.5%2CN%3Bscale%2C16.5.0%2CN%3Bseo%2C16.0.3%2CN%3Bperfmon%2C16.5.0%2CN%3Bvote%2C15.5.0%2CN%3Bfileman%2C16.5.5%2CN%3Bcompression%2C16.0.0%2CN%3Bblog%2C16.5.6%2CN%3Btranslate%2C14.5.0%2CN%3Bbitrix.sitecorporate%2C15.0.0%2CN%3Bbitrix.sitepersonal%2C15.0.0%2CN%3Bform%2C15.0.2%2CN%3Bsocialservices%2C16.5.4%2CN%3Bphotogallery%2C16.0.1%2CN%3Bsubscribe%2C16.5.0%2CN%3Bsearch%2C16.5.0%2CN%3Bmobileapp%2C16.0.6%2CN%3Bbitrixcloud%2C16.0.1%2CN%3Bhighloadblock%2C16.5.0%2CN%3Bsecurity%2C16.5.0%2CN%3Bbitrix.siteinfoportal%2C15.0.0%2CN&reqm=bitrix.sitecorporate%2Cbitrix.sitepersonal%2Cbitrix.siteinfoportal&fullmoduleinfo=Y&SUPD_SRS=RU&SUPD_CMP=Y
2016-10-18 11:21:26 -  - exec CUpdateClientPartner::GetHTTPPage
2016-10-18 11:21:26 -  - TIME GetUpdatesList(request) 0.517 sec
2016-10-18 11:21:26 -  - exec CUpdateClientPartner::ParseServerData
2017-02-24 18:35:15 -  - exec CUpdateClientPartner::GetUpdatesList
2017-02-24 18:35:15 -  - exec CUpdateClientPartner::__CollectRequestData
2017-02-24 18:35:15 -  - utf=Y&lang=ru&stable=Y&CANGZIP=Y&SUPD_DBS=MYSQL&XE=N&CLIENT_SITE=dev.hh-an.ru&LICENSE_KEY=X&SUPD_STS=1&SUPD_URS=0&SUPD_URSA=3&TYPENC=E&CLIENT_PHPVER=5.6.24-0%2Bdeb8u1&NGINX=Y&dbv=5.6.32&instm=main%2C16.5.8%2CN%3Bclouds%2C16.5.2%2CN%3Bforum%2C17.0.0%2CN%3Biblock%2C16.5.6%2CN%3Bscale%2C16.5.0%2CN%3Bseo%2C16.0.3%2CN%3Bperfmon%2C16.5.0%2CN%3Bvote%2C15.5.0%2CN%3Bfileman%2C16.5.5%2CN%3Bcompression%2C16.0.0%2CN%3Bblog%2C16.5.7%2CN%3Btranslate%2C14.5.0%2CN%3Bbitrix.sitecorporate%2C15.0.0%2CN%3Bbitrix.sitepersonal%2C15.0.0%2CN%3Bform%2C15.0.2%2CN%3Bsocialservices%2C16.5.5%2CN%3Bphotogallery%2C16.0.1%2CN%3Bsubscribe%2C16.5.0%2CN%3Bsearch%2C16.5.0%2CN%3Bmobileapp%2C16.0.11%2CN%3Bbitrixcloud%2C16.0.1%2CN%3Bhighloadblock%2C16.5.0%2CN%3Bsecurity%2C16.5.0%2CN%3Bbitrix.siteinfoportal%2C15.0.0%2CN&reqm=bitrix.sitecorporate%2Cbitrix.sitepersonal%2Cbitrix.siteinfoportal&SUPD_SRS=RU&SUPD_CMP=Y
2017-02-24 18:35:15 -  - exec CUpdateClientPartner::GetHTTPPage
2017-02-24 18:35:16 -  - TIME GetUpdatesList(request) 0.715 sec
2017-02-24 18:35:16 -  - exec CUpdateClientPartner::ParseServerData
2017-02-24 18:36:19 -  - exec CUpdateClientPartner::GetUpdatesList
2017-02-24 18:36:19 -  - exec CUpdateClientPartner::__CollectRequestData
2017-02-24 18:36:19 -  - utf=Y&lang=ru&stable=Y&CANGZIP=Y&SUPD_DBS=MYSQL&XE=N&CLIENT_SITE=dev.hh-an.ru&LICENSE_KEY=X&SUPD_STS=1&SUPD_URS=0&SUPD_URSA=3&TYPENC=E&CLIENT_PHPVER=5.6.24-0%2Bdeb8u1&NGINX=Y&dbv=5.6.32&instm=main%2C16.5.11%2CN%3Bclouds%2C16.5.3%2CN%3Bforum%2C17.0.0%2CN%3Biblock%2C16.5.6%2CN%3Bscale%2C16.5.0%2CN%3Bseo%2C17.0.1%2CN%3Bperfmon%2C16.5.0%2CN%3Bvote%2C17.0.0%2CN%3Bfileman%2C17.0.0%2CN%3Bcompression%2C16.0.0%2CN%3Bblog%2C16.6.0%2CN%3Btranslate%2C14.5.0%2CN%3Bbitrix.sitecorporate%2C15.0.0%2CN%3Bbitrix.sitepersonal%2C15.0.0%2CN%3Bform%2C15.0.2%2CN%3Bsocialservices%2C17.0.0%2CN%3Bphotogallery%2C16.0.1%2CN%3Bsubscribe%2C16.5.0%2CN%3Bsearch%2C17.0.0%2CN%3Bmobileapp%2C17.0.0%2CN%3Bbitrixcloud%2C16.0.1%2CN%3Bhighloadblock%2C16.5.0%2CN%3Bsecurity%2C16.5.0%2CN%3Bbitrix.siteinfoportal%2C15.0.0%2CN&reqm=bitrix.sitecorporate%2Cbitrix.sitepersonal%2Cbitrix.siteinfoportal&fullmoduleinfo=Y&SUPD_SRS=RU&SUPD_CMP=Y
2017-02-24 18:36:19 -  - exec CUpdateClientPartner::GetHTTPPage
2017-02-24 18:36:20 -  - TIME GetUpdatesList(request) 0.291 sec
2017-02-24 18:36:20 -  - exec CUpdateClientPartner::ParseServerData
2017-05-02 16:00:34 -  - exec CUpdateClientPartner::GetUpdatesList
2017-05-02 16:00:34 -  - exec CUpdateClientPartner::__CollectRequestData
2017-05-02 16:00:34 -  - utf=Y&lang=ru&stable=Y&CANGZIP=Y&SUPD_DBS=MYSQL&XE=N&CLIENT_SITE=dev.hh-an.ru&LICENSE_KEY=X&SUPD_STS=1&SUPD_URS=0&SUPD_URSA=4&TYPENC=E&CLIENT_PHPVER=7.0.15-0ubuntu0.16.04.4&NGINX=Y&dbv=10.0.29&instm=main%2C16.5.11%2CN%3Bsocialservices%2C17.0.0%2CN%3Bhighloadblock%2C16.5.0%2CN%3Bform%2C15.0.2%2CN%3Biblock%2C16.5.6%2CN%3Bbitrix.siteinfoportal%2C15.0.0%2CN%3Bfileman%2C17.0.0%2CN%3Bvote%2C17.0.0%2CN%3Bsearch%2C17.0.0%2CN%3Bscale%2C16.5.0%2CN%3Btranslate%2C14.5.0%2CN%3Bmobileapp%2C17.0.0%2CN%3Bblog%2C16.6.0%2CN%3Bphotogallery%2C16.0.1%2CN%3Bcompression%2C16.0.0%2CN%3Bseo%2C17.0.1%2CN%3Bbitrix.sitepersonal%2C15.0.0%2CN%3Bsubscribe%2C16.5.0%2CN%3Bperfmon%2C16.5.0%2CN%3Bforum%2C17.0.0%2CN%3Bsecurity%2C16.5.0%2CN%3Bbitrixcloud%2C16.0.1%2CN%3Bclouds%2C16.5.3%2CN%3Bbitrix.sitecorporate%2C15.0.0%2CN&reqm=bitrix.siteinfoportal%2Cbitrix.sitepersonal%2Cbitrix.sitecorporate&SUPD_SRS=RU&SUPD_CMP=N
2017-05-02 16:00:34 -  - exec CUpdateClientPartner::GetHTTPPage
2017-05-02 16:00:35 -  - TIME GetUpdatesList(request) 0.349 sec
2017-05-02 16:00:35 -  - exec CUpdateClientPartner::ParseServerData
2017-05-02 16:01:14 -  - exec CUpdateClientPartner::GetUpdatesList
2017-05-02 16:01:14 -  - exec CUpdateClientPartner::__CollectRequestData
2017-05-02 16:01:14 -  - utf=Y&lang=ru&stable=Y&CANGZIP=Y&SUPD_DBS=MYSQL&XE=N&CLIENT_SITE=dev.hh-an.ru&LICENSE_KEY=X&SUPD_STS=1&SUPD_URS=0&SUPD_URSA=4&TYPENC=E&CLIENT_PHPVER=7.0.15-0ubuntu0.16.04.4&NGINX=Y&dbv=10.0.29&instm=main%2C16.5.11%2CN%3Bsocialservices%2C17.0.0%2CN%3Bhighloadblock%2C16.5.0%2CN%3Bform%2C15.0.2%2CN%3Biblock%2C16.5.6%2CN%3Bbitrix.siteinfoportal%2C15.0.0%2CN%3Bfileman%2C17.0.0%2CN%3Bvote%2C17.0.0%2CN%3Bsearch%2C17.0.0%2CN%3Bscale%2C16.5.0%2CN%3Btranslate%2C14.5.0%2CN%3Bmobileapp%2C17.0.0%2CN%3Bblog%2C16.6.0%2CN%3Bphotogallery%2C16.0.1%2CN%3Bcompression%2C16.0.0%2CN%3Bseo%2C17.0.1%2CN%3Bbitrix.sitepersonal%2C15.0.0%2CN%3Bsubscribe%2C16.5.0%2CN%3Bperfmon%2C16.5.0%2CN%3Bforum%2C17.0.0%2CN%3Bsecurity%2C16.5.0%2CN%3Bbitrixcloud%2C16.0.1%2CN%3Bclouds%2C16.5.3%2CN%3Bbitrix.sitecorporate%2C15.0.0%2CN&reqm=bitrix.siteinfoportal%2Cbitrix.sitepersonal%2Cbitrix.sitecorporate&fullmoduleinfo=Y&SUPD_SRS=RU&SUPD_CMP=N
2017-05-02 16:01:14 -  - exec CUpdateClientPartner::GetHTTPPage
2017-05-02 16:01:20 -  - TIME GetUpdatesList(request) 5.366 sec
2017-05-02 16:01:20 -  - exec CUpdateClientPartner::ParseServerData
2017-05-27 14:51:30 -  - exec CUpdateClientPartner::GetUpdatesList
2017-05-27 14:51:30 -  - exec CUpdateClientPartner::__CollectRequestData
2017-05-27 14:51:30 -  - utf=Y&lang=ru&stable=Y&CANGZIP=Y&SUPD_DBS=MYSQL&XE=N&CLIENT_SITE=dev5.szvdom.ru&LICENSE_KEY=X&SUPD_STS=1&SUPD_URS=0&SUPD_URSA=4&TYPENC=E&CLIENT_PHPVER=5.6.22-0%2Bdeb8u1&NGINX=Y&dbv=5.6.31&instm=main%2C16.5.11%2CN%3Bform%2C15.0.2%2CN%3Bmobileapp%2C17.0.0%2CN%3Biblock%2C16.5.6%2CN%3Btranslate%2C14.5.0%2CN%3Bbitrix.sitepersonal%2C15.0.0%2CN%3Bsecurity%2C16.5.0%2CN%3Bforum%2C17.0.0%2CN%3Bscale%2C16.5.0%2CN%3Bsocialservices%2C17.0.0%2CN%3Bperfmon%2C16.5.0%2CN%3Bphotogallery%2C16.0.1%2CN%3Bsubscribe%2C16.5.0%2CN%3Bsearch%2C17.0.0%2CN%3Bblog%2C16.6.0%2CN%3Bseo%2C17.0.1%2CN%3Bcompression%2C16.0.0%2CN%3Bbitrix.siteinfoportal%2C15.0.0%2CN%3Bhighloadblock%2C16.5.0%2CN%3Bbitrixcloud%2C16.0.1%2CN%3Bfileman%2C17.0.0%2CN%3Bclouds%2C16.5.3%2CN%3Bvote%2C17.0.0%2CN%3Bbitrix.sitecorporate%2C15.0.0%2CN&reqm=bitrix.sitepersonal%2Cbitrix.siteinfoportal%2Cbitrix.sitecorporate&fullmoduleinfo=Y&SUPD_SRS=RU&SUPD_CMP=N
2017-05-27 14:51:30 -  - exec CUpdateClientPartner::GetHTTPPage
2017-05-27 14:52:33 - ERRCONN - Error connecting 2 www.bitrixsoft.com: [110] Connection timed out
2017-05-27 14:52:33 -  - TIME GetUpdatesList(request) 63.01 sec
2017-05-27 14:52:33 - GUL02 - Ошибка соединения с сервером обновлений: [110] Connection timed out. 
2017-05-27 14:56:49 -  - exec CUpdateClientPartner::GetUpdatesList
2017-05-27 14:56:49 -  - exec CUpdateClientPartner::__CollectRequestData
2017-05-27 14:56:49 -  - utf=Y&lang=ru&stable=Y&CANGZIP=Y&SUPD_DBS=MYSQL&XE=N&CLIENT_SITE=dev5.szvdom.ru&LICENSE_KEY=X&SUPD_STS=1&SUPD_URS=0&SUPD_URSA=4&TYPENC=E&CLIENT_PHPVER=5.6.22-0%2Bdeb8u1&NGINX=Y&dbv=5.6.31&instm=main%2C16.5.11%2CN%3Bform%2C15.0.2%2CN%3Bmobileapp%2C17.0.0%2CN%3Biblock%2C16.5.6%2CN%3Btranslate%2C14.5.0%2CN%3Bbitrix.sitepersonal%2C15.0.0%2CN%3Bsecurity%2C16.5.0%2CN%3Bforum%2C17.0.0%2CN%3Bscale%2C16.5.0%2CN%3Bsocialservices%2C17.0.0%2CN%3Bperfmon%2C16.5.0%2CN%3Bphotogallery%2C16.0.1%2CN%3Bsubscribe%2C16.5.0%2CN%3Bsearch%2C17.0.0%2CN%3Bblog%2C16.6.0%2CN%3Bseo%2C17.0.1%2CN%3Bcompression%2C16.0.0%2CN%3Bbitrix.siteinfoportal%2C15.0.0%2CN%3Bhighloadblock%2C16.5.0%2CN%3Bbitrixcloud%2C16.0.1%2CN%3Bfileman%2C17.0.0%2CN%3Bclouds%2C16.5.3%2CN%3Bvote%2C17.0.0%2CN%3Bbitrix.sitecorporate%2C15.0.0%2CN&reqm=bitrix.sitepersonal%2Cbitrix.siteinfoportal%2Cbitrix.sitecorporate&fullmoduleinfo=Y&SUPD_SRS=RU&SUPD_CMP=N
2017-05-27 14:56:49 -  - exec CUpdateClientPartner::GetHTTPPage
