-------------------------------
[02.28.17 18:52:22] abcParser2 start...
[02.28.17 18:52:23] Objects deleted: 22
[02.28.17 18:52:23] Objects added: 39
[02.28.17 18:53:05] Appartaments deleted: 26432
[02.28.17 18:53:05] Appartaments added: 29341
[02.28.17 20:23:43] work time: 5,481.9047579765 sec
[02.28.17 20:23:43] used: 100,868,776 bytes
-------------------------------
[03.03.17 21:01:08] abcParser2 start...
[03.03.17 21:01:08] Objects deleted: 0
[03.03.17 21:01:08] Objects added: 0
[03.03.17 21:01:11] Appartaments deleted: 0
[03.03.17 21:01:11] Appartaments added: 0
[03.03.17 21:01:11] work time: 3.9306430817 sec
[03.03.17 21:01:11] used: 90,562,120 bytes
-------------------------------
[03.04.17 11:01:12] abcParser2 start...
[03.04.17 11:01:14] Objects deleted: 0
[03.04.17 11:01:14] Objects added: 0
[03.04.17 11:01:17] Appartaments deleted: 0
[03.04.17 11:01:17] Appartaments added: 0
[03.04.17 11:01:17] work time: 4.2874999046 sec
[03.04.17 11:01:17] used: 90,563,032 bytes
-------------------------------
[03.05.17 03:01:12] abcParser2 start...
[03.05.17 03:01:14] Objects deleted: 0
[03.05.17 03:01:14] Objects added: 0
[03.05.17 03:01:19] Appartaments deleted: 0
[03.05.17 03:01:19] Appartaments added: 0
[03.05.17 03:01:19] work time: 6.6302549839 sec
[03.05.17 03:01:19] used: 90,558,440 bytes
-------------------------------
[03.06.17 23:01:00] abcParser2 start...
[03.06.17 23:01:00] Objects deleted: 0
[03.06.17 23:01:00] Objects added: 0
[03.06.17 23:01:04] Appartaments deleted: 0
[03.06.17 23:01:04] Appartaments added: 0
[03.06.17 23:01:04] work time: 4.2252070904 sec
[03.06.17 23:01:04] used: 90,571,880 bytes
-------------------------------
[03.07.17 06:01:00] abcParser2 start...
[03.07.17 06:01:01] Objects deleted: 0
[03.07.17 06:01:01] Objects added: 0
[03.07.17 06:01:04] Appartaments deleted: 0
[03.07.17 06:01:04] Appartaments added: 0
[03.07.17 06:01:04] work time: 3.7556049824 sec
[03.07.17 06:01:04] used: 90,574,080 bytes
-------------------------------
[03.08.17 08:01:05] abcParser2 start...
[03.08.17 08:01:06] Objects deleted: 0
[03.08.17 08:01:06] Objects added: 0
[03.08.17 08:01:09] Appartaments deleted: 0
[03.08.17 08:01:09] Appartaments added: 0
[03.08.17 08:01:09] work time: 4.0967040062 sec
[03.08.17 08:01:09] used: 90,565,552 bytes
-------------------------------
[03.10.17 05:01:15] abcParser2 start...
[03.10.17 05:01:17] Objects deleted: 0
[03.10.17 05:01:17] Objects added: 0
[03.10.17 05:01:20] Appartaments deleted: 0
[03.10.17 05:01:20] Appartaments added: 0
[03.10.17 05:01:20] work time: 4.5459911823 sec
[03.10.17 05:01:20] used: 90,559,968 bytes
