-------------------------------
[03.03.17 20:59:07] parser start
[03.03.17 20:59:07] testing file:"/var/www/hhunter/data/www/dev.hh-an.ru/include/xml/xml/SiteData4.xml"
[03.03.17 20:59:07] file size is: 31396466 Bytes
[03.03.17 20:59:07] file time is: 02.27.17 01:37:15 
[03.03.17 20:59:07] file age is: ~115 Hours
[03.03.17 20:59:08] file hash: 8317540405e731df31a40b74d7a6dd4e
[03.03.17 20:59:08] loadind previous update session...
[03.03.17 20:59:08] found new date, run update...
-------------------------------
[03.04.17 10:54:00] parser start
[03.04.17 10:54:00] testing file:"/var/www/hhunter/data/www/dev.hh-an.ru/include/xml/xml/SiteData4.xml"
[03.04.17 10:54:00] file size is: 31396466 Bytes
[03.04.17 10:54:00] file time is: 02.27.17 01:37:15 
[03.04.17 10:54:00] file age is: ~129 Hours
[03.04.17 10:54:00] file hash: 8317540405e731df31a40b74d7a6dd4e
[03.04.17 10:54:00] loadind previous update session...
[03.04.17 10:54:00] found new date, run update...
-------------------------------
[03.05.17 02:50:51] parser start
[03.05.17 02:50:51] testing file:"/var/www/hhunter/data/www/dev.hh-an.ru/include/xml/xml/SiteData4.xml"
[03.05.17 02:50:51] file size is: 31396466 Bytes
[03.05.17 02:50:51] file time is: 02.27.17 01:37:15 
[03.05.17 02:50:51] file age is: ~145 Hours
[03.05.17 02:50:51] file hash: 8317540405e731df31a40b74d7a6dd4e
[03.05.17 02:50:51] loadind previous update session...
[03.05.17 02:50:51] found new date, run update...
-------------------------------
[03.06.17 22:59:26] parser start
[03.06.17 22:59:26] testing file:"/var/www/hhunter/data/www/dev.hh-an.ru/include/xml/xml/SiteData4.xml"
[03.06.17 22:59:26] file size is: 31396466 Bytes
[03.06.17 22:59:26] file time is: 02.27.17 01:37:15 
[03.06.17 22:59:26] file age is: ~189 Hours
[03.06.17 22:59:26] file hash: 8317540405e731df31a40b74d7a6dd4e
[03.06.17 22:59:26] loadind previous update session...
[03.06.17 22:59:26] found new date, run update...
-------------------------------
[03.07.17 05:26:10] parser start
[03.07.17 05:26:10] testing file:"/var/www/hhunter/data/www/dev.hh-an.ru/include/xml/xml/SiteData4.xml"
[03.07.17 05:26:10] file size is: 31396466 Bytes
[03.07.17 05:26:10] file time is: 02.27.17 01:37:15 
[03.07.17 05:26:10] file age is: ~196 Hours
[03.07.17 05:26:11] file hash: 8317540405e731df31a40b74d7a6dd4e
[03.07.17 05:26:11] loadind previous update session...
[03.07.17 05:26:11] found new date, run update...
-------------------------------
[03.08.17 07:45:33] parser start
[03.08.17 07:45:33] testing file:"/var/www/hhunter/data/www/dev.hh-an.ru/include/xml/xml/SiteData4.xml"
[03.08.17 07:45:33] file size is: 31396466 Bytes
[03.08.17 07:45:33] file time is: 02.27.17 01:37:15 
[03.08.17 07:45:33] file age is: ~222 Hours
[03.08.17 07:45:33] file hash: 8317540405e731df31a40b74d7a6dd4e
[03.08.17 07:45:33] loadind previous update session...
[03.08.17 07:45:33] found new date, run update...
-------------------------------
[03.10.17 04:03:53] parser start
[03.10.17 04:03:53] testing file:"/var/www/hhunter/data/www/dev.hh-an.ru/include/xml/xml/SiteData4.xml"
[03.10.17 04:03:53] file size is: 31396466 Bytes
[03.10.17 04:03:53] file time is: 02.27.17 01:37:15 
[03.10.17 04:03:53] file age is: ~266 Hours
[03.10.17 04:03:54] file hash: 8317540405e731df31a40b74d7a6dd4e
[03.10.17 04:03:54] loadind previous update session...
[03.10.17 04:03:54] found new date, run update...
