2017-May-27 14:46:50 Наличие необходимых модулей php (check_php_modules): Ok
Все необходимые модули установлены
2017-May-27 14:46:50 Обязательные параметры PHP (check_php_settings): Ok
Настройки правильные
2017-May-27 14:46:50 Модули веб-сервера (check_security): Warning
Замечание. Загружен модуль mod_dav/mod_dav_fs, WebDav не будет работать
2017-May-27 14:46:50 Значения переменных сервера (check_server_vars): Ok
Корректные
2017-May-27 14:46:50 Сохранение сессии (check_session): Ok
50% done
2017-May-27 14:46:50 Сохранение сессии (check_session): Ok
Успешно
2017-May-27 14:46:51 Параметры настройки UTF (mbstring и константа BX_UTF) (check_mbstring): Ok
Правильные. Сайт работает в UTF кодировке
2017-May-27 14:46:51 Служебные скрипты в корне сайта (check_install_scripts): Ok
Отсутствуют
2017-May-27 14:46:51 Работа с сокетами (check_socket): Ok
Connection to dev5.szvdom.ru:80	Success

Успешно
2017-May-27 14:46:51 Выполнение агентов на cron (check_bx_crontab): Fail
Ошибка! Не настроен запуск cron_events.php на cron, последний агент отработал больше суток назад.
2017-May-27 14:46:51 Параметры подключения к базе данных (check_dbconn_settings): Ok
Успешно
2017-May-27 14:46:51 Лишний вывод в файлах конфигурации (check_dbconn): Ok
Connection to dev5.szvdom.ru:80	Success

Успешно
2017-May-27 14:46:51 Сохранение сессии без UserAgent (check_session_ua): Ok
50% done
Connection to dev5.szvdom.ru:80	Success

2017-May-27 14:46:52 Сохранение сессии без UserAgent (check_session_ua): Ok
Connection to dev5.szvdom.ru:80	Success

Успешно
2017-May-27 14:46:52 Настройки сайтов (check_sites): Ok
Правильные
2017-May-27 14:46:52 Передача объектов по ссылке (check_clone): Ok
Успешно
2017-May-27 14:46:52 Размер стека и pcre.recursion_limit (check_pcre_recursion): Ok
Connection to dev5.szvdom.ru:80	Success

Успешно
2017-May-27 14:46:52 Вызов method_exists на строке (check_method_exists): Ok
Connection to dev5.szvdom.ru:80	Success

Успешно
2017-May-27 14:46:52 Загрузка файла (check_upload): Ok
Connection to dev5.szvdom.ru:80	Success

Успешно
2017-May-27 14:46:52 Загрузка файла больше 4Мб (check_upload_big): Ok
Connection to dev5.szvdom.ru:80	Success

Успешно
2017-May-27 14:46:52 Загрузка файла через php://input (check_upload_raw): Ok
Connection to dev5.szvdom.ru:80	Success

Успешно
2017-May-27 14:46:53 Передача POST запроса с большим числом параметров (check_post): Ok
Connection to dev5.szvdom.ru:80	Success

Успешно
2017-May-27 14:46:53 Отправка почты (check_mail): Ok
Успешно
2017-May-27 14:46:53 Отправка почтового сообщения больше 64Кб (check_mail_big): Ok
Успешно
2017-May-27 14:46:53 Проверка на наличие неотправленных сообщений (check_mail_b_event): Fail
Ошибка! Есть ошибки при отправке системных почтовых сообщений, число неотправленных сообщений: 6 Определена константа BX_CRONTAB_SUPPORT в /bitrix/php_interface/dbconn.php, при этом должен быть настроен вызов агентов на cron.
2017-May-27 14:46:53 Внутреннее перенаправление (функция LocalRedirect) (check_localredirect): Ok
50% done
Connection to dev5.szvdom.ru:80	Success

2017-May-27 14:46:53 Внутреннее перенаправление (функция LocalRedirect) (check_localredirect): Ok
Connection to dev5.szvdom.ru:80	Success

Успешно
2017-May-27 14:46:53 Фактическое ограничение памяти (check_memory_limit): Ok
20% done
Connection to dev5.szvdom.ru:80	Success

2017-May-27 14:46:53 Фактическое ограничение памяти (check_memory_limit): Ok
40% done
Connection to dev5.szvdom.ru:80	Success

2017-May-27 14:46:54 Фактическое ограничение памяти (check_memory_limit): Ok
60% done
Connection to dev5.szvdom.ru:80	Success

2017-May-27 14:46:54 Фактическое ограничение памяти (check_memory_limit): Ok
80% done
Connection to dev5.szvdom.ru:80	Success

2017-May-27 14:46:54 Фактическое ограничение памяти (check_memory_limit): Ok
Connection to dev5.szvdom.ru:80	Success

Не менее 256 М
2017-May-27 14:46:54 Работа с файлами кеша (check_cache): Ok
Успешно
2017-May-27 14:46:59 Доступ к серверу обновлений (check_update): Fail
Ошибка! Нет соединения с сервером обновлений (Connection timed out)
2017-May-27 14:46:59 HTTP авторизация (check_http_auth): Ok
Connection to dev5.szvdom.ru:80	Success

Успешно
2017-May-27 14:47:00 Создание и запуск файла (check_exec): Ok
Connection to dev5.szvdom.ru:80	Success

Успешно
2017-May-27 14:47:00 Функция getimagesize для swf (check_getimagesize): Ok
Успешно
2017-May-27 14:47:00 Версия MySQL-сервера (check_mysql_bug_version): Ok
Успешно
2017-May-27 14:47:01 Время на БД и веб-сервере (check_mysql_time): Ok
Успешно
2017-May-27 14:47:01 Режим работы MySQL (check_mysql_mode): Fail
Ошибка! Переменная sql_mode в MySQL должна быть пустая, текущее значение: STRICT_TRANS_TABLES,NO_ENGINE_SUBSTITUTION
2017-May-27 14:47:01 Кодировка соединения (check_mysql_connection_charset): Ok
character_set_connection=utf8, collation_connection=utf8_unicode_ci, character_set_results=utf8
Успешно
2017-May-27 14:47:01 Кодировка базы данных (check_mysql_db_charset): Ok
CHARSET=utf8, COLLATION=utf8_unicode_ci
Успешно
2017-May-27 14:47:01 Кодировки таблиц в БД (check_mysql_table_charset): Ok
Успешно
2017-May-27 14:47:03 Структура базы данных (check_mysql_table_structure): Ok
0% done
2017-May-27 14:47:08 Структура базы данных (check_mysql_table_structure): Ok
4% done
2017-May-27 14:47:08 Структура базы данных (check_mysql_table_structure): Ok
9% done
2017-May-27 14:47:10 Структура базы данных (check_mysql_table_structure): Ok
14% done
2017-May-27 14:47:10 Структура базы данных (check_mysql_table_structure): Ok
19% done
2017-May-27 14:47:11 Структура базы данных (check_mysql_table_structure): Ok
23% done
2017-May-27 14:47:14 Структура базы данных (check_mysql_table_structure): Ok
28% done
2017-May-27 14:47:14 Структура базы данных (check_mysql_table_structure): Ok
33% done
2017-May-27 14:47:14 Структура базы данных (check_mysql_table_structure): Ok
38% done
2017-May-27 14:47:15 Структура базы данных (check_mysql_table_structure): Ok
42% done
2017-May-27 14:47:16 Структура базы данных (check_mysql_table_structure): Ok
47% done
2017-May-27 14:47:16 Структура базы данных (check_mysql_table_structure): Ok
52% done
2017-May-27 14:47:17 Структура базы данных (check_mysql_table_structure): Ok
57% done
2017-May-27 14:47:19 Структура базы данных (check_mysql_table_structure): Ok
61% done
2017-May-27 14:47:20 Структура базы данных (check_mysql_table_structure): Ok
66% done
2017-May-27 14:47:20 Структура базы данных (check_mysql_table_structure): Ok
71% done
2017-May-27 14:47:21 Структура базы данных (check_mysql_table_structure): Ok
76% done
2017-May-27 14:47:21 Структура базы данных (check_mysql_table_structure): Ok
80% done
2017-May-27 14:47:21 Структура базы данных (check_mysql_table_structure): Ok
85% done
2017-May-27 14:47:21 Структура базы данных (check_mysql_table_structure): Ok
90% done
2017-May-27 14:47:22 Структура базы данных (check_mysql_table_structure): Ok
95% done
2017-May-27 14:47:22 Структура базы данных (check_mysql_table_structure): Ok
Успешно
